/usr/lib/python3/dist-packages/setuptools/dist.py:723: UserWarning: Usage of dash-separated 'script-dir' will not be supported in future versions. Please use the underscore name 'script_dir' instead
  warnings.warn(
running egg_info
creating ../../build/ttc_pkg/ttc_pkg.egg-info
writing ../../build/ttc_pkg/ttc_pkg.egg-info/PKG-INFO
writing dependency_links to ../../build/ttc_pkg/ttc_pkg.egg-info/dependency_links.txt
writing entry points to ../../build/ttc_pkg/ttc_pkg.egg-info/entry_points.txt
writing requirements to ../../build/ttc_pkg/ttc_pkg.egg-info/requires.txt
writing top-level names to ../../build/ttc_pkg/ttc_pkg.egg-info/top_level.txt
writing manifest file '../../build/ttc_pkg/ttc_pkg.egg-info/SOURCES.txt'
reading manifest file '../../build/ttc_pkg/ttc_pkg.egg-info/SOURCES.txt'
writing manifest file '../../build/ttc_pkg/ttc_pkg.egg-info/SOURCES.txt'
running build
running build_py
creating /ros2_ws/build/ttc_pkg/build
creating /ros2_ws/build/ttc_pkg/build/lib
creating /ros2_ws/build/ttc_pkg/build/lib/ttc_pkg
copying ttc_pkg/__init__.py -> /ros2_ws/build/ttc_pkg/build/lib/ttc_pkg
creating /ros2_ws/build/ttc_pkg/build/lib/scripts
copying scripts/__init__.py -> /ros2_ws/build/ttc_pkg/build/lib/scripts
copying scripts/safety_node.py -> /ros2_ws/build/ttc_pkg/build/lib/scripts
running install
running install_lib
creating /ros2_ws/install/ttc_pkg/lib/python3.10/site-packages/scripts
copying /ros2_ws/build/ttc_pkg/build/lib/scripts/__init__.py -> /ros2_ws/install/ttc_pkg/lib/python3.10/site-packages/scripts
copying /ros2_ws/build/ttc_pkg/build/lib/scripts/safety_node.py -> /ros2_ws/install/ttc_pkg/lib/python3.10/site-packages/scripts
creating /ros2_ws/install/ttc_pkg/lib/python3.10/site-packages/ttc_pkg
copying /ros2_ws/build/ttc_pkg/build/lib/ttc_pkg/__init__.py -> /ros2_ws/install/ttc_pkg/lib/python3.10/site-packages/ttc_pkg
byte-compiling /ros2_ws/install/ttc_pkg/lib/python3.10/site-packages/scripts/__init__.py to __init__.cpython-310.pyc
byte-compiling /ros2_ws/install/ttc_pkg/lib/python3.10/site-packages/scripts/safety_node.py to safety_node.cpython-310.pyc
byte-compiling /ros2_ws/install/ttc_pkg/lib/python3.10/site-packages/ttc_pkg/__init__.py to __init__.cpython-310.pyc
running install_data
creating /ros2_ws/install/ttc_pkg/share/ament_index
creating /ros2_ws/install/ttc_pkg/share/ament_index/resource_index
creating /ros2_ws/install/ttc_pkg/share/ament_index/resource_index/packages
copying resource/ttc_pkg -> /ros2_ws/install/ttc_pkg/share/ament_index/resource_index/packages
copying package.xml -> /ros2_ws/install/ttc_pkg/share/ttc_pkg
running install_egg_info
Copying ../../build/ttc_pkg/ttc_pkg.egg-info to /ros2_ws/install/ttc_pkg/lib/python3.10/site-packages/ttc_pkg-0.0.0-py3.10.egg-info
running install_scripts
Installing safety_node script to /ros2_ws/install/ttc_pkg/lib/ttc_pkg
writing list of installed files to '/ros2_ws/build/ttc_pkg/install.log'
