[1.214s] Invoking command in '/ros2_ws/src/ttc_pkg': PYTHONPATH=/ros2_ws/build/ttc_pkg/prefix_override:/usr/lib/python3/dist-packages/colcon_core/task/python/colcon_distutils_commands:/ros2_ws/install/ttc_pkg/lib/python3.10/site-packages:${PYTHONPATH} /usr/bin/python3 -W ignore:setup.py install is deprecated setup.py egg_info --egg-base ../../build/ttc_pkg build --build-base /ros2_ws/build/ttc_pkg/build install --record /ros2_ws/build/ttc_pkg/install.log --install-scripts $base/lib/ttc_pkg --single-version-externally-managed install_data
[1.521s] /usr/lib/python3/dist-packages/setuptools/dist.py:723: UserWarning: Usage of dash-separated 'script-dir' will not be supported in future versions. Please use the underscore name 'script_dir' instead
[1.521s]   warnings.warn(
[1.535s] running egg_info
[1.536s] creating ../../build/ttc_pkg/ttc_pkg.egg-info
[1.536s] writing ../../build/ttc_pkg/ttc_pkg.egg-info/PKG-INFO
[1.536s] writing dependency_links to ../../build/ttc_pkg/ttc_pkg.egg-info/dependency_links.txt
[1.537s] writing entry points to ../../build/ttc_pkg/ttc_pkg.egg-info/entry_points.txt
[1.537s] writing requirements to ../../build/ttc_pkg/ttc_pkg.egg-info/requires.txt
[1.537s] writing top-level names to ../../build/ttc_pkg/ttc_pkg.egg-info/top_level.txt
[1.537s] writing manifest file '../../build/ttc_pkg/ttc_pkg.egg-info/SOURCES.txt'
[1.542s] reading manifest file '../../build/ttc_pkg/ttc_pkg.egg-info/SOURCES.txt'
[1.543s] writing manifest file '../../build/ttc_pkg/ttc_pkg.egg-info/SOURCES.txt'
[1.543s] running build
[1.543s] running build_py
[1.543s] creating /ros2_ws/build/ttc_pkg/build
[1.544s] creating /ros2_ws/build/ttc_pkg/build/lib
[1.544s] creating /ros2_ws/build/ttc_pkg/build/lib/ttc_pkg
[1.544s] copying ttc_pkg/__init__.py -> /ros2_ws/build/ttc_pkg/build/lib/ttc_pkg
[1.544s] creating /ros2_ws/build/ttc_pkg/build/lib/scripts
[1.544s] copying scripts/__init__.py -> /ros2_ws/build/ttc_pkg/build/lib/scripts
[1.544s] copying scripts/safety_node.py -> /ros2_ws/build/ttc_pkg/build/lib/scripts
[1.545s] running install
[1.545s] running install_lib
[1.547s] creating /ros2_ws/install/ttc_pkg/lib/python3.10/site-packages/scripts
[1.547s] copying /ros2_ws/build/ttc_pkg/build/lib/scripts/__init__.py -> /ros2_ws/install/ttc_pkg/lib/python3.10/site-packages/scripts
[1.547s] copying /ros2_ws/build/ttc_pkg/build/lib/scripts/safety_node.py -> /ros2_ws/install/ttc_pkg/lib/python3.10/site-packages/scripts
[1.547s] creating /ros2_ws/install/ttc_pkg/lib/python3.10/site-packages/ttc_pkg
[1.547s] copying /ros2_ws/build/ttc_pkg/build/lib/ttc_pkg/__init__.py -> /ros2_ws/install/ttc_pkg/lib/python3.10/site-packages/ttc_pkg
[1.548s] byte-compiling /ros2_ws/install/ttc_pkg/lib/python3.10/site-packages/scripts/__init__.py to __init__.cpython-310.pyc
[1.549s] byte-compiling /ros2_ws/install/ttc_pkg/lib/python3.10/site-packages/scripts/safety_node.py to safety_node.cpython-310.pyc
[1.550s] byte-compiling /ros2_ws/install/ttc_pkg/lib/python3.10/site-packages/ttc_pkg/__init__.py to __init__.cpython-310.pyc
[1.551s] running install_data
[1.551s] creating /ros2_ws/install/ttc_pkg/share/ament_index
[1.551s] creating /ros2_ws/install/ttc_pkg/share/ament_index/resource_index
[1.551s] creating /ros2_ws/install/ttc_pkg/share/ament_index/resource_index/packages
[1.552s] copying resource/ttc_pkg -> /ros2_ws/install/ttc_pkg/share/ament_index/resource_index/packages
[1.552s] copying package.xml -> /ros2_ws/install/ttc_pkg/share/ttc_pkg
[1.552s] running install_egg_info
[1.556s] Copying ../../build/ttc_pkg/ttc_pkg.egg-info to /ros2_ws/install/ttc_pkg/lib/python3.10/site-packages/ttc_pkg-0.0.0-py3.10.egg-info
[1.558s] running install_scripts
[1.595s] Installing safety_node script to /ros2_ws/install/ttc_pkg/lib/ttc_pkg
[1.596s] writing list of installed files to '/ros2_ws/build/ttc_pkg/install.log'
[1.636s] Invoked command in '/ros2_ws/src/ttc_pkg' returned '0': PYTHONPATH=/ros2_ws/build/ttc_pkg/prefix_override:/usr/lib/python3/dist-packages/colcon_core/task/python/colcon_distutils_commands:/ros2_ws/install/ttc_pkg/lib/python3.10/site-packages:${PYTHONPATH} /usr/bin/python3 -W ignore:setup.py install is deprecated setup.py egg_info --egg-base ../../build/ttc_pkg build --build-base /ros2_ws/build/ttc_pkg/build install --record /ros2_ws/build/ttc_pkg/install.log --install-scripts $base/lib/ttc_pkg --single-version-externally-managed install_data
