[1.216s] Invoking command in '/ros2_ws/src/wall_follow': PYTHONPATH=/ros2_ws/build/wall_follow/prefix_override:/usr/lib/python3/dist-packages/colcon_core/task/python/colcon_distutils_commands:/ros2_ws/install/wall_follow/lib/python3.10/site-packages:${PYTHONPATH} /usr/bin/python3 -W ignore:setup.py install is deprecated setup.py egg_info --egg-base ../../build/wall_follow build --build-base /ros2_ws/build/wall_follow/build install --record /ros2_ws/build/wall_follow/install.log --install-scripts $base/lib/wall_follow --single-version-externally-managed install_data
[1.529s] /usr/lib/python3/dist-packages/setuptools/dist.py:723: UserWarning: Usage of dash-separated 'script-dir' will not be supported in future versions. Please use the underscore name 'script_dir' instead
[1.529s]   warnings.warn(
[1.545s] running egg_info
[1.546s] writing ../../build/wall_follow/wall_follow.egg-info/PKG-INFO
[1.547s] writing dependency_links to ../../build/wall_follow/wall_follow.egg-info/dependency_links.txt
[1.547s] writing entry points to ../../build/wall_follow/wall_follow.egg-info/entry_points.txt
[1.547s] writing requirements to ../../build/wall_follow/wall_follow.egg-info/requires.txt
[1.547s] writing top-level names to ../../build/wall_follow/wall_follow.egg-info/top_level.txt
[1.550s] reading manifest file '../../build/wall_follow/wall_follow.egg-info/SOURCES.txt'
[1.552s] writing manifest file '../../build/wall_follow/wall_follow.egg-info/SOURCES.txt'
[1.552s] running build
[1.552s] running build_py
[1.552s] running install
[1.553s] running install_lib
[1.555s] running install_data
[1.555s] running install_egg_info
[1.558s] removing '/ros2_ws/install/wall_follow/lib/python3.10/site-packages/wall_follow-0.0.0-py3.10.egg-info' (and everything under it)
[1.559s] Copying ../../build/wall_follow/wall_follow.egg-info to /ros2_ws/install/wall_follow/lib/python3.10/site-packages/wall_follow-0.0.0-py3.10.egg-info
[1.560s] running install_scripts
[1.598s] Installing wall_follow script to /ros2_ws/install/wall_follow/lib/wall_follow
[1.599s] writing list of installed files to '/ros2_ws/build/wall_follow/install.log'
[1.643s] Invoked command in '/ros2_ws/src/wall_follow' returned '0': PYTHONPATH=/ros2_ws/build/wall_follow/prefix_override:/usr/lib/python3/dist-packages/colcon_core/task/python/colcon_distutils_commands:/ros2_ws/install/wall_follow/lib/python3.10/site-packages:${PYTHONPATH} /usr/bin/python3 -W ignore:setup.py install is deprecated setup.py egg_info --egg-base ../../build/wall_follow build --build-base /ros2_ws/build/wall_follow/build install --record /ros2_ws/build/wall_follow/install.log --install-scripts $base/lib/wall_follow --single-version-externally-managed install_data
