/usr/local/lib/python3.10/dist-packages/setuptools/dist.py:717: UserWarning: Usage of dash-separated 'script-dir' will not be supported in future versions. Please use the underscore name 'script_dir' instead
  warnings.warn(
running egg_info
writing ../../build/ttc_pkg/ttc_pkg.egg-info/PKG-INFO
writing dependency_links to ../../build/ttc_pkg/ttc_pkg.egg-info/dependency_links.txt
writing entry points to ../../build/ttc_pkg/ttc_pkg.egg-info/entry_points.txt
writing requirements to ../../build/ttc_pkg/ttc_pkg.egg-info/requires.txt
writing top-level names to ../../build/ttc_pkg/ttc_pkg.egg-info/top_level.txt
reading manifest file '../../build/ttc_pkg/ttc_pkg.egg-info/SOURCES.txt'
writing manifest file '../../build/ttc_pkg/ttc_pkg.egg-info/SOURCES.txt'
running build
running build_py
running install
running install_lib
running install_data
running install_egg_info
removing '/ros2_ws/install/ttc_pkg/lib/python3.10/site-packages/ttc_pkg-0.0.0-py3.10.egg-info' (and everything under it)
Copying ../../build/ttc_pkg/ttc_pkg.egg-info to /ros2_ws/install/ttc_pkg/lib/python3.10/site-packages/ttc_pkg-0.0.0-py3.10.egg-info
running install_scripts
Installing safety_node script to /ros2_ws/install/ttc_pkg/lib/ttc_pkg
writing list of installed files to '/ros2_ws/build/ttc_pkg/install.log'
