[1.319s] Invoking command in '/ros2_ws/src/ttc_pkg': PYTHONPATH=/ros2_ws/build/ttc_pkg/prefix_override:/usr/lib/python3/dist-packages/colcon_core/task/python/colcon_distutils_commands:/ros2_ws/install/ttc_pkg/lib/python3.10/site-packages:${PYTHONPATH} /usr/bin/python3 -W ignore:setup.py install is deprecated setup.py egg_info --egg-base ../../build/ttc_pkg build --build-base /ros2_ws/build/ttc_pkg/build install --record /ros2_ws/build/ttc_pkg/install.log --install-scripts $base/lib/ttc_pkg --single-version-externally-managed install_data
[1.631s] /usr/local/lib/python3.10/dist-packages/setuptools/dist.py:717: UserWarning: Usage of dash-separated 'script-dir' will not be supported in future versions. Please use the underscore name 'script_dir' instead
[1.631s]   warnings.warn(
[1.683s] running egg_info
[1.684s] writing ../../build/ttc_pkg/ttc_pkg.egg-info/PKG-INFO
[1.685s] writing dependency_links to ../../build/ttc_pkg/ttc_pkg.egg-info/dependency_links.txt
[1.685s] writing entry points to ../../build/ttc_pkg/ttc_pkg.egg-info/entry_points.txt
[1.685s] writing requirements to ../../build/ttc_pkg/ttc_pkg.egg-info/requires.txt
[1.686s] writing top-level names to ../../build/ttc_pkg/ttc_pkg.egg-info/top_level.txt
[1.688s] reading manifest file '../../build/ttc_pkg/ttc_pkg.egg-info/SOURCES.txt'
[1.691s] writing manifest file '../../build/ttc_pkg/ttc_pkg.egg-info/SOURCES.txt'
[1.691s] running build
[1.692s] running build_py
[1.692s] running install
[1.692s] running install_lib
[1.695s] running install_data
[1.696s] running install_egg_info
[1.699s] removing '/ros2_ws/install/ttc_pkg/lib/python3.10/site-packages/ttc_pkg-0.0.0-py3.10.egg-info' (and everything under it)
[1.700s] Copying ../../build/ttc_pkg/ttc_pkg.egg-info to /ros2_ws/install/ttc_pkg/lib/python3.10/site-packages/ttc_pkg-0.0.0-py3.10.egg-info
[1.702s] running install_scripts
[1.738s] Installing safety_node script to /ros2_ws/install/ttc_pkg/lib/ttc_pkg
[1.739s] writing list of installed files to '/ros2_ws/build/ttc_pkg/install.log'
[1.783s] Invoked command in '/ros2_ws/src/ttc_pkg' returned '0': PYTHONPATH=/ros2_ws/build/ttc_pkg/prefix_override:/usr/lib/python3/dist-packages/colcon_core/task/python/colcon_distutils_commands:/ros2_ws/install/ttc_pkg/lib/python3.10/site-packages:${PYTHONPATH} /usr/bin/python3 -W ignore:setup.py install is deprecated setup.py egg_info --egg-base ../../build/ttc_pkg build --build-base /ros2_ws/build/ttc_pkg/build install --record /ros2_ws/build/ttc_pkg/install.log --install-scripts $base/lib/ttc_pkg --single-version-externally-managed install_data
