running egg_info
creating ../../build/wall_follow/wall_follow.egg-info
writing ../../build/wall_follow/wall_follow.egg-info/PKG-INFO
writing dependency_links to ../../build/wall_follow/wall_follow.egg-info/dependency_links.txt
writing entry points to ../../build/wall_follow/wall_follow.egg-info/entry_points.txt
writing requirements to ../../build/wall_follow/wall_follow.egg-info/requires.txt
writing top-level names to ../../build/wall_follow/wall_follow.egg-info/top_level.txt
writing manifest file '../../build/wall_follow/wall_follow.egg-info/SOURCES.txt'
reading manifest file '../../build/wall_follow/wall_follow.egg-info/SOURCES.txt'
writing manifest file '../../build/wall_follow/wall_follow.egg-info/SOURCES.txt'
running build
running build_py
creating /ros2_ws/build/wall_follow/build
creating /ros2_ws/build/wall_follow/build/lib
creating /ros2_ws/build/wall_follow/build/lib/wall_follow
copying wall_follow/__init__.py -> /ros2_ws/build/wall_follow/build/lib/wall_follow
copying wall_follow/wall_follow_node.py -> /ros2_ws/build/wall_follow/build/lib/wall_follow
running install
running install_lib
creating /ros2_ws/install/wall_follow/lib/python3.10/site-packages/wall_follow
copying /ros2_ws/build/wall_follow/build/lib/wall_follow/__init__.py -> /ros2_ws/install/wall_follow/lib/python3.10/site-packages/wall_follow
copying /ros2_ws/build/wall_follow/build/lib/wall_follow/wall_follow_node.py -> /ros2_ws/install/wall_follow/lib/python3.10/site-packages/wall_follow
byte-compiling /ros2_ws/install/wall_follow/lib/python3.10/site-packages/wall_follow/__init__.py to __init__.cpython-310.pyc
byte-compiling /ros2_ws/install/wall_follow/lib/python3.10/site-packages/wall_follow/wall_follow_node.py to wall_follow_node.cpython-310.pyc
running install_data
creating /ros2_ws/install/wall_follow/share/ament_index
creating /ros2_ws/install/wall_follow/share/ament_index/resource_index
creating /ros2_ws/install/wall_follow/share/ament_index/resource_index/packages
copying resource/wall_follow -> /ros2_ws/install/wall_follow/share/ament_index/resource_index/packages
copying package.xml -> /ros2_ws/install/wall_follow/share/wall_follow
running install_egg_info
Copying ../../build/wall_follow/wall_follow.egg-info to /ros2_ws/install/wall_follow/lib/python3.10/site-packages/wall_follow-0.0.0-py3.10.egg-info
running install_scripts
Installing wall_follow script to /ros2_ws/install/wall_follow/lib/wall_follow
writing list of installed files to '/ros2_ws/build/wall_follow/install.log'
