[1.209s] Invoking command in '/ros2_ws/src/wall_follow': PYTHONPATH=/ros2_ws/build/wall_follow/prefix_override:/usr/lib/python3/dist-packages/colcon_core/task/python/colcon_distutils_commands:/ros2_ws/install/wall_follow/lib/python3.10/site-packages:${PYTHONPATH} /usr/bin/python3 -W ignore:setup.py install is deprecated setup.py egg_info --egg-base ../../build/wall_follow build --build-base /ros2_ws/build/wall_follow/build install --record /ros2_ws/build/wall_follow/install.log --install-scripts $base/lib/wall_follow --single-version-externally-managed install_data
[1.516s] /usr/lib/python3/dist-packages/setuptools/dist.py:723: UserWarning: Usage of dash-separated 'script-dir' will not be supported in future versions. Please use the underscore name 'script_dir' instead
[1.516s]   warnings.warn(
[1.533s] running egg_info
[1.534s] creating ../../build/wall_follow/wall_follow.egg-info
[1.534s] writing ../../build/wall_follow/wall_follow.egg-info/PKG-INFO
[1.535s] writing dependency_links to ../../build/wall_follow/wall_follow.egg-info/dependency_links.txt
[1.535s] writing entry points to ../../build/wall_follow/wall_follow.egg-info/entry_points.txt
[1.535s] writing requirements to ../../build/wall_follow/wall_follow.egg-info/requires.txt
[1.535s] writing top-level names to ../../build/wall_follow/wall_follow.egg-info/top_level.txt
[1.535s] writing manifest file '../../build/wall_follow/wall_follow.egg-info/SOURCES.txt'
[1.539s] reading manifest file '../../build/wall_follow/wall_follow.egg-info/SOURCES.txt'
[1.540s] writing manifest file '../../build/wall_follow/wall_follow.egg-info/SOURCES.txt'
[1.540s] running build
[1.540s] running build_py
[1.540s] creating /ros2_ws/build/wall_follow/build
[1.541s] creating /ros2_ws/build/wall_follow/build/lib
[1.541s] creating /ros2_ws/build/wall_follow/build/lib/wall_follow
[1.541s] copying wall_follow/__init__.py -> /ros2_ws/build/wall_follow/build/lib/wall_follow
[1.541s] copying wall_follow/wall_follow_node.py -> /ros2_ws/build/wall_follow/build/lib/wall_follow
[1.541s] running install
[1.542s] running install_lib
[1.543s] creating /ros2_ws/install/wall_follow/lib/python3.10/site-packages/wall_follow
[1.543s] copying /ros2_ws/build/wall_follow/build/lib/wall_follow/__init__.py -> /ros2_ws/install/wall_follow/lib/python3.10/site-packages/wall_follow
[1.544s] copying /ros2_ws/build/wall_follow/build/lib/wall_follow/wall_follow_node.py -> /ros2_ws/install/wall_follow/lib/python3.10/site-packages/wall_follow
[1.544s] byte-compiling /ros2_ws/install/wall_follow/lib/python3.10/site-packages/wall_follow/__init__.py to __init__.cpython-310.pyc
[1.545s] byte-compiling /ros2_ws/install/wall_follow/lib/python3.10/site-packages/wall_follow/wall_follow_node.py to wall_follow_node.cpython-310.pyc
[1.546s] running install_data
[1.547s] creating /ros2_ws/install/wall_follow/share/ament_index
[1.547s] creating /ros2_ws/install/wall_follow/share/ament_index/resource_index
[1.547s] creating /ros2_ws/install/wall_follow/share/ament_index/resource_index/packages
[1.547s] copying resource/wall_follow -> /ros2_ws/install/wall_follow/share/ament_index/resource_index/packages
[1.547s] copying package.xml -> /ros2_ws/install/wall_follow/share/wall_follow
[1.547s] running install_egg_info
[1.550s] Copying ../../build/wall_follow/wall_follow.egg-info to /ros2_ws/install/wall_follow/lib/python3.10/site-packages/wall_follow-0.0.0-py3.10.egg-info
[1.552s] running install_scripts
[1.589s] Installing wall_follow script to /ros2_ws/install/wall_follow/lib/wall_follow
[1.590s] writing list of installed files to '/ros2_ws/build/wall_follow/install.log'
[1.645s] Invoked command in '/ros2_ws/src/wall_follow' returned '0': PYTHONPATH=/ros2_ws/build/wall_follow/prefix_override:/usr/lib/python3/dist-packages/colcon_core/task/python/colcon_distutils_commands:/ros2_ws/install/wall_follow/lib/python3.10/site-packages:${PYTHONPATH} /usr/bin/python3 -W ignore:setup.py install is deprecated setup.py egg_info --egg-base ../../build/wall_follow build --build-base /ros2_ws/build/wall_follow/build install --record /ros2_ws/build/wall_follow/install.log --install-scripts $base/lib/wall_follow --single-version-externally-managed install_data
