[1.318s] Invoking command in '/ros2_ws/src/wall_follow': PYTHONPATH=/ros2_ws/build/wall_follow/prefix_override:/usr/lib/python3/dist-packages/colcon_core/task/python/colcon_distutils_commands:/ros2_ws/install/wall_follow/lib/python3.10/site-packages:${PYTHONPATH} /usr/bin/python3 -W ignore:setup.py install is deprecated setup.py egg_info --egg-base ../../build/wall_follow build --build-base /ros2_ws/build/wall_follow/build install --record /ros2_ws/build/wall_follow/install.log --install-scripts $base/lib/wall_follow --single-version-externally-managed install_data
[1.624s] /usr/local/lib/python3.10/dist-packages/setuptools/dist.py:717: UserWarning: Usage of dash-separated 'script-dir' will not be supported in future versions. Please use the underscore name 'script_dir' instead
[1.624s]   warnings.warn(
[1.675s] running egg_info
[1.676s] writing ../../build/wall_follow/wall_follow.egg-info/PKG-INFO
[1.676s] writing dependency_links to ../../build/wall_follow/wall_follow.egg-info/dependency_links.txt
[1.677s] writing entry points to ../../build/wall_follow/wall_follow.egg-info/entry_points.txt
[1.677s] writing requirements to ../../build/wall_follow/wall_follow.egg-info/requires.txt
[1.678s] writing top-level names to ../../build/wall_follow/wall_follow.egg-info/top_level.txt
[1.680s] reading manifest file '../../build/wall_follow/wall_follow.egg-info/SOURCES.txt'
[1.682s] writing manifest file '../../build/wall_follow/wall_follow.egg-info/SOURCES.txt'
[1.682s] running build
[1.682s] running build_py
[1.682s] running install
[1.683s] running install_lib
[1.685s] running install_data
[1.685s] running install_egg_info
[1.689s] removing '/ros2_ws/install/wall_follow/lib/python3.10/site-packages/wall_follow-0.0.0-py3.10.egg-info' (and everything under it)
[1.690s] Copying ../../build/wall_follow/wall_follow.egg-info to /ros2_ws/install/wall_follow/lib/python3.10/site-packages/wall_follow-0.0.0-py3.10.egg-info
[1.692s] running install_scripts
[1.730s] Installing wall_follow script to /ros2_ws/install/wall_follow/lib/wall_follow
[1.731s] writing list of installed files to '/ros2_ws/build/wall_follow/install.log'
[1.790s] Invoked command in '/ros2_ws/src/wall_follow' returned '0': PYTHONPATH=/ros2_ws/build/wall_follow/prefix_override:/usr/lib/python3/dist-packages/colcon_core/task/python/colcon_distutils_commands:/ros2_ws/install/wall_follow/lib/python3.10/site-packages:${PYTHONPATH} /usr/bin/python3 -W ignore:setup.py install is deprecated setup.py egg_info --egg-base ../../build/wall_follow build --build-base /ros2_ws/build/wall_follow/build install --record /ros2_ws/build/wall_follow/install.log --install-scripts $base/lib/wall_follow --single-version-externally-managed install_data
